2023-08-12 17:47:38.618  INFO 22708 --- [main] c.r.springapp.hello.HelloApplication     : Starting HelloApplication using Java 11.0.15 on RIKHATRI-IN with PID 22708 (D:\Projects\ws_spring\hello\target\classes started by rikhatri in d:\Projects\ws_spring\hello)
2023-08-12 17:47:38.624  INFO 22708 --- [main] c.r.springapp.hello.HelloApplication     : No active profile set, falling back to 1 default profile: "default"
2023-08-12 17:47:41.823  INFO 22708 --- [main] o.s.b.w.embedded.tomcat.TomcatWebServer  : Tomcat initialized with port(s): 9000 (http)
2023-08-12 17:47:41.850  INFO 22708 --- [main] o.apache.catalina.core.StandardService   : Starting service [Tomcat]
2023-08-12 17:47:41.852  INFO 22708 --- [main] org.apache.catalina.core.StandardEngine  : Starting Servlet engine: [Apache Tomcat/9.0.78]
2023-08-12 17:47:42.199  INFO 22708 --- [main] o.a.c.c.C.[Tomcat].[localhost].[/]       : Initializing Spring embedded WebApplicationContext
2023-08-12 17:47:42.200  INFO 22708 --- [main] w.s.c.ServletWebServerApplicationContext : Root WebApplicationContext: initialization completed in 3454 ms
2023-08-12 17:47:42.560 DEBUG 22708 --- [main] o.s.b.w.s.ServletContextInitializerBeans : Mapping filters: filterRegistrationBean urls=[/*] order=-2147483647, characterEncodingFilter urls=[/*] order=-2147483648, formContentFilter urls=[/*] order=-9900, requestContextFilter urls=[/*] order=-105
2023-08-12 17:47:42.562 DEBUG 22708 --- [main] o.s.b.w.s.ServletContextInitializerBeans : Mapping servlets: dispatcherServlet urls=[/]
2023-08-12 17:47:43.060 DEBUG 22708 --- [main] s.w.s.m.m.a.RequestMappingHandlerAdapter : ControllerAdvice beans: 0 @ModelAttribute, 0 @InitBinder, 1 RequestBodyAdvice, 1 ResponseBodyAdvice
2023-08-12 17:47:43.193  INFO 22708 --- [main] o.s.b.a.w.s.WelcomePageHandlerMapping    : Adding welcome page: class path resource [static/index.html]
2023-08-12 17:47:43.422 DEBUG 22708 --- [main] s.w.s.m.m.a.RequestMappingHandlerMapping : 3 mappings in 'requestMappingHandlerMapping'
2023-08-12 17:47:43.479 DEBUG 22708 --- [main] o.s.w.s.handler.SimpleUrlHandlerMapping  : Patterns [/webjars/**, /**] in 'resourceHandlerMapping'
2023-08-12 17:47:43.506 DEBUG 22708 --- [main] .m.m.a.ExceptionHandlerExceptionResolver : ControllerAdvice beans: 0 @ExceptionHandler, 1 ResponseBodyAdvice
2023-08-12 17:47:44.095  INFO 22708 --- [main] o.s.b.a.e.web.EndpointLinksResolver      : Exposing 1 endpoint(s) beneath base path '/actuator'
2023-08-12 17:47:44.196  INFO 22708 --- [main] o.s.b.w.embedded.tomcat.TomcatWebServer  : Tomcat started on port(s): 9000 (http) with context path ''
2023-08-12 17:47:44.225  INFO 22708 --- [main] c.r.springapp.hello.HelloApplication     : Started HelloApplication in 6.725 seconds (JVM running for 9.684)
2023-08-12 17:47:46.536  INFO 22708 --- [RMI TCP Connection(1)-127.0.0.1] o.a.c.c.C.[Tomcat].[localhost].[/]       : Initializing Spring DispatcherServlet 'dispatcherServlet'
2023-08-12 17:47:46.538  INFO 22708 --- [RMI TCP Connection(1)-127.0.0.1] o.s.web.servlet.DispatcherServlet        : Initializing Servlet 'dispatcherServlet'
2023-08-12 17:47:46.539 DEBUG 22708 --- [RMI TCP Connection(1)-127.0.0.1] o.s.web.servlet.DispatcherServlet        : Detected StandardServletMultipartResolver
2023-08-12 17:47:46.540 DEBUG 22708 --- [RMI TCP Connection(1)-127.0.0.1] o.s.web.servlet.DispatcherServlet        : Detected AcceptHeaderLocaleResolver
2023-08-12 17:47:46.541 DEBUG 22708 --- [RMI TCP Connection(1)-127.0.0.1] o.s.web.servlet.DispatcherServlet        : Detected FixedThemeResolver
2023-08-12 17:47:46.544 DEBUG 22708 --- [RMI TCP Connection(1)-127.0.0.1] o.s.web.servlet.DispatcherServlet        : Detected org.springframework.web.servlet.view.DefaultRequestToViewNameTranslator@498df71
2023-08-12 17:47:46.546 DEBUG 22708 --- [RMI TCP Connection(1)-127.0.0.1] o.s.web.servlet.DispatcherServlet        : Detected org.springframework.web.servlet.support.SessionFlashMapManager@27d40cf3
2023-08-12 17:47:46.548 DEBUG 22708 --- [RMI TCP Connection(1)-127.0.0.1] o.s.web.servlet.DispatcherServlet        : enableLoggingRequestDetails='false': request parameters and headers will be masked to prevent unsafe logging of potentially sensitive data
2023-08-12 17:47:46.549  INFO 22708 --- [RMI TCP Connection(1)-127.0.0.1] o.s.web.servlet.DispatcherServlet        : Completed initialization in 10 ms
2023-08-12 18:04:19.857  INFO 17080 --- [main] c.r.s.hello.HelloApplicationTests        : Starting HelloApplicationTests using Java 11.0.15 on RIKHATRI-IN with PID 17080 (started by rikhatri in d:\Projects\ws_spring\hello)
2023-08-12 18:04:19.860  INFO 17080 --- [main] c.r.s.hello.HelloApplicationTests        : No active profile set, falling back to 1 default profile: "default"
2023-08-12 18:04:19.937 DEBUG 17080 --- [main] o.s.w.c.s.GenericWebApplicationContext   : Refreshing org.springframework.web.context.support.GenericWebApplicationContext@e362c57
2023-08-12 18:04:22.486 DEBUG 17080 --- [main] s.w.s.m.m.a.RequestMappingHandlerAdapter : ControllerAdvice beans: 0 @ModelAttribute, 0 @InitBinder, 1 RequestBodyAdvice, 1 ResponseBodyAdvice
2023-08-12 18:04:22.560  INFO 17080 --- [main] o.s.b.a.w.s.WelcomePageHandlerMapping    : Adding welcome page: class path resource [static/index.html]
2023-08-12 18:04:22.710 DEBUG 17080 --- [main] s.w.s.m.m.a.RequestMappingHandlerMapping : 3 mappings in 'requestMappingHandlerMapping'
2023-08-12 18:04:22.791 DEBUG 17080 --- [main] o.s.w.s.handler.SimpleUrlHandlerMapping  : Patterns [/webjars/**, /**] in 'resourceHandlerMapping'
2023-08-12 18:04:22.823 DEBUG 17080 --- [main] .m.m.a.ExceptionHandlerExceptionResolver : ControllerAdvice beans: 0 @ExceptionHandler, 1 ResponseBodyAdvice
2023-08-12 18:04:23.474  INFO 17080 --- [main] o.s.b.a.e.web.EndpointLinksResolver      : Exposing 1 endpoint(s) beneath base path '/actuator'
2023-08-12 18:04:23.583  INFO 17080 --- [main] c.r.s.hello.HelloApplicationTests        : Started HelloApplicationTests in 4.381 seconds (JVM running for 6.327)
2023-08-12 18:04:24.382 DEBUG 17080 --- [SpringApplicationShutdownHook] o.s.w.c.s.GenericWebApplicationContext   : Closing org.springframework.web.context.support.GenericWebApplicationContext@e362c57, started on Sat Aug 12 18:04:19 IST 2023
2023-08-12 18:05:20.732  INFO 14272 --- [main] c.r.s.hello.HelloApplicationTests        : Starting HelloApplicationTests using Java 11.0.15 on RIKHATRI-IN with PID 14272 (started by rikhatri in d:\Projects\ws_spring\hello)
2023-08-12 18:05:20.735  INFO 14272 --- [main] c.r.s.hello.HelloApplicationTests        : No active profile set, falling back to 1 default profile: "default"
2023-08-12 18:05:20.799 DEBUG 14272 --- [main] o.s.w.c.s.GenericWebApplicationContext   : Refreshing org.springframework.web.context.support.GenericWebApplicationContext@e362c57
2023-08-12 18:05:23.438 DEBUG 14272 --- [main] s.w.s.m.m.a.RequestMappingHandlerAdapter : ControllerAdvice beans: 0 @ModelAttribute, 0 @InitBinder, 1 RequestBodyAdvice, 1 ResponseBodyAdvice
2023-08-12 18:05:23.519  INFO 14272 --- [main] o.s.b.a.w.s.WelcomePageHandlerMapping    : Adding welcome page: class path resource [static/index.html]
2023-08-12 18:05:23.662 DEBUG 14272 --- [main] s.w.s.m.m.a.RequestMappingHandlerMapping : 3 mappings in 'requestMappingHandlerMapping'
2023-08-12 18:05:23.757 DEBUG 14272 --- [main] o.s.w.s.handler.SimpleUrlHandlerMapping  : Patterns [/webjars/**, /**] in 'resourceHandlerMapping'
2023-08-12 18:05:23.803 DEBUG 14272 --- [main] .m.m.a.ExceptionHandlerExceptionResolver : ControllerAdvice beans: 0 @ExceptionHandler, 1 ResponseBodyAdvice
2023-08-12 18:05:24.620  INFO 14272 --- [main] o.s.b.a.e.web.EndpointLinksResolver      : Exposing 1 endpoint(s) beneath base path '/actuator'
2023-08-12 18:05:24.802  INFO 14272 --- [main] c.r.s.hello.HelloApplicationTests        : Started HelloApplicationTests in 4.651 seconds (JVM running for 6.494)
2023-08-12 18:05:25.570 DEBUG 14272 --- [SpringApplicationShutdownHook] o.s.w.c.s.GenericWebApplicationContext   : Closing org.springframework.web.context.support.GenericWebApplicationContext@e362c57, started on Sat Aug 12 18:05:20 IST 2023
2023-08-12 18:06:42.680  INFO 14480 --- [main] c.r.springapp.hello.HelloApplication     : Starting HelloApplication using Java 11.0.15 on RIKHATRI-IN with PID 14480 (D:\Projects\ws_spring\hello\target\classes started by rikhatri in d:\Projects\ws_spring\hello)
2023-08-12 18:06:42.686  INFO 14480 --- [main] c.r.springapp.hello.HelloApplication     : No active profile set, falling back to 1 default profile: "default"
2023-08-12 18:06:45.816  INFO 14480 --- [main] o.s.b.w.embedded.tomcat.TomcatWebServer  : Tomcat initialized with port(s): 9000 (http)
2023-08-12 18:06:45.846  INFO 14480 --- [main] o.apache.catalina.core.StandardService   : Starting service [Tomcat]
2023-08-12 18:06:45.850  INFO 14480 --- [main] org.apache.catalina.core.StandardEngine  : Starting Servlet engine: [Apache Tomcat/9.0.78]
2023-08-12 18:06:46.169  INFO 14480 --- [main] o.a.c.c.C.[Tomcat].[localhost].[/]       : Initializing Spring embedded WebApplicationContext
2023-08-12 18:06:46.174  INFO 14480 --- [main] w.s.c.ServletWebServerApplicationContext : Root WebApplicationContext: initialization completed in 3388 ms
2023-08-12 18:06:46.596 DEBUG 14480 --- [main] o.s.b.w.s.ServletContextInitializerBeans : Mapping filters: filterRegistrationBean urls=[/*] order=-2147483647, characterEncodingFilter urls=[/*] order=-2147483648, formContentFilter urls=[/*] order=-9900, requestContextFilter urls=[/*] order=-105
2023-08-12 18:06:46.602 DEBUG 14480 --- [main] o.s.b.w.s.ServletContextInitializerBeans : Mapping servlets: dispatcherServlet urls=[/]
2023-08-12 18:06:46.915 DEBUG 14480 --- [main] s.w.s.m.m.a.RequestMappingHandlerAdapter : ControllerAdvice beans: 0 @ModelAttribute, 0 @InitBinder, 1 RequestBodyAdvice, 1 ResponseBodyAdvice
2023-08-12 18:06:46.969  INFO 14480 --- [main] o.s.b.a.w.s.WelcomePageHandlerMapping    : Adding welcome page: class path resource [static/index.html]
2023-08-12 18:06:47.036 DEBUG 14480 --- [main] s.w.s.m.m.a.RequestMappingHandlerMapping : 3 mappings in 'requestMappingHandlerMapping'
2023-08-12 18:06:47.073 DEBUG 14480 --- [main] o.s.w.s.handler.SimpleUrlHandlerMapping  : Patterns [/webjars/**, /**] in 'resourceHandlerMapping'
2023-08-12 18:06:47.089 DEBUG 14480 --- [main] .m.m.a.ExceptionHandlerExceptionResolver : ControllerAdvice beans: 0 @ExceptionHandler, 1 ResponseBodyAdvice
2023-08-12 18:06:47.331  INFO 14480 --- [main] o.s.b.a.e.web.EndpointLinksResolver      : Exposing 1 endpoint(s) beneath base path '/actuator'
2023-08-12 18:06:47.393  INFO 14480 --- [main] o.s.b.w.embedded.tomcat.TomcatWebServer  : Tomcat started on port(s): 9000 (http) with context path ''
2023-08-12 18:06:47.418  INFO 14480 --- [main] c.r.springapp.hello.HelloApplication     : Started HelloApplication in 5.469 seconds (JVM running for 6.024)
2023-08-12 18:08:02.318  INFO 14480 --- [http-nio-9000-exec-1] o.a.c.c.C.[Tomcat].[localhost].[/]       : Initializing Spring DispatcherServlet 'dispatcherServlet'
2023-08-12 18:08:02.322  INFO 14480 --- [http-nio-9000-exec-1] o.s.web.servlet.DispatcherServlet        : Initializing Servlet 'dispatcherServlet'
2023-08-12 18:08:02.324 DEBUG 14480 --- [http-nio-9000-exec-1] o.s.web.servlet.DispatcherServlet        : Detected StandardServletMultipartResolver
2023-08-12 18:08:02.328 DEBUG 14480 --- [http-nio-9000-exec-1] o.s.web.servlet.DispatcherServlet        : Detected AcceptHeaderLocaleResolver
2023-08-12 18:08:02.330 DEBUG 14480 --- [http-nio-9000-exec-1] o.s.web.servlet.DispatcherServlet        : Detected FixedThemeResolver
2023-08-12 18:08:02.334 DEBUG 14480 --- [http-nio-9000-exec-1] o.s.web.servlet.DispatcherServlet        : Detected org.springframework.web.servlet.view.DefaultRequestToViewNameTranslator@6eac34b5
2023-08-12 18:08:02.337 DEBUG 14480 --- [http-nio-9000-exec-1] o.s.web.servlet.DispatcherServlet        : Detected org.springframework.web.servlet.support.SessionFlashMapManager@696e1e7e
2023-08-12 18:08:02.340 DEBUG 14480 --- [http-nio-9000-exec-1] o.s.web.servlet.DispatcherServlet        : enableLoggingRequestDetails='false': request parameters and headers will be masked to prevent unsafe logging of potentially sensitive data
2023-08-12 18:08:02.344  INFO 14480 --- [http-nio-9000-exec-1] o.s.web.servlet.DispatcherServlet        : Completed initialization in 21 ms
2023-08-12 18:08:02.370 DEBUG 14480 --- [http-nio-9000-exec-1] o.s.web.servlet.DispatcherServlet        : GET "/hello?name=Hey", parameters={masked}
2023-08-12 18:08:02.397 DEBUG 14480 --- [http-nio-9000-exec-1] s.w.s.m.m.a.RequestMappingHandlerMapping : Mapped to com.ritesh.springapp.hello.app.controllers.HelloController#sayHello(String, Model)
2023-08-12 18:08:02.460 DEBUG 14480 --- [http-nio-9000-exec-1] o.s.w.s.v.ContentNegotiatingViewResolver : Selected 'text/html' given [text/html, application/xhtml+xml, image/avif, image/webp, image/apng, application/xml;q=0.9, */*;q=0.8]
2023-08-12 18:08:03.154 DEBUG 14480 --- [http-nio-9000-exec-1] o.s.web.servlet.DispatcherServlet        : Completed 200 OK
2023-08-12 18:08:08.467 DEBUG 14480 --- [http-nio-9000-exec-2] o.s.web.servlet.DispatcherServlet        : GET "/", parameters={}
2023-08-12 18:08:08.478 DEBUG 14480 --- [http-nio-9000-exec-2] o.s.w.s.v.ContentNegotiatingViewResolver : Selected 'text/html' given [text/html, application/xhtml+xml, image/avif, image/webp, image/apng, application/xml;q=0.9, */*;q=0.8]
2023-08-12 18:08:08.480 DEBUG 14480 --- [http-nio-9000-exec-2] o.s.w.servlet.view.InternalResourceView  : View [InternalResourceView], model {}
2023-08-12 18:08:08.484 DEBUG 14480 --- [http-nio-9000-exec-2] o.s.w.servlet.view.InternalResourceView  : Forwarding to [index.html]
2023-08-12 18:08:08.496 DEBUG 14480 --- [http-nio-9000-exec-2] o.s.web.servlet.DispatcherServlet        : "FORWARD" dispatch for GET "/index.html", parameters={}
2023-08-12 18:08:08.505 DEBUG 14480 --- [http-nio-9000-exec-2] o.s.w.s.handler.SimpleUrlHandlerMapping  : Mapped to ResourceHttpRequestHandler [classpath [META-INF/resources/], classpath [resources/], classpath [static/], classpath [public/], ServletContext [/]]
2023-08-12 18:08:08.535 DEBUG 14480 --- [http-nio-9000-exec-2] o.s.web.servlet.DispatcherServlet        : Exiting from "FORWARD" dispatch, status 200
2023-08-12 18:08:08.539 DEBUG 14480 --- [http-nio-9000-exec-2] o.s.web.servlet.DispatcherServlet        : Completed 200 OK
2023-08-12 18:08:12.018 DEBUG 14480 --- [http-nio-9000-exec-5] o.s.web.servlet.DispatcherServlet        : GET "/hello?name=Hellllooooo", parameters={masked}
2023-08-12 18:08:12.021 DEBUG 14480 --- [http-nio-9000-exec-5] s.w.s.m.m.a.RequestMappingHandlerMapping : Mapped to com.ritesh.springapp.hello.app.controllers.HelloController#sayHello(String, Model)
2023-08-12 18:08:12.024 DEBUG 14480 --- [http-nio-9000-exec-5] o.s.w.s.v.ContentNegotiatingViewResolver : Selected 'text/html' given [text/html, application/xhtml+xml, image/avif, image/webp, image/apng, application/xml;q=0.9, */*;q=0.8]
2023-08-12 18:08:12.028 DEBUG 14480 --- [http-nio-9000-exec-5] o.s.web.servlet.DispatcherServlet        : Completed 200 OK
2023-08-12 18:09:25.174  INFO 14304 --- [main] c.r.s.hello.HelloApplicationTests        : Starting HelloApplicationTests using Java 11.0.15 on RIKHATRI-IN with PID 14304 (started by rikhatri in d:\Projects\ws_spring\hello)
2023-08-12 18:09:25.179  INFO 14304 --- [main] c.r.s.hello.HelloApplicationTests        : No active profile set, falling back to 1 default profile: "default"
2023-08-12 18:09:25.271 DEBUG 14304 --- [main] o.s.w.c.s.GenericWebApplicationContext   : Refreshing org.springframework.web.context.support.GenericWebApplicationContext@e362c57
2023-08-12 18:09:28.155 DEBUG 14304 --- [main] s.w.s.m.m.a.RequestMappingHandlerAdapter : ControllerAdvice beans: 0 @ModelAttribute, 0 @InitBinder, 1 RequestBodyAdvice, 1 ResponseBodyAdvice
2023-08-12 18:09:28.250  INFO 14304 --- [main] o.s.b.a.w.s.WelcomePageHandlerMapping    : Adding welcome page: class path resource [static/index.html]
2023-08-12 18:09:28.409 DEBUG 14304 --- [main] s.w.s.m.m.a.RequestMappingHandlerMapping : 3 mappings in 'requestMappingHandlerMapping'
2023-08-12 18:09:28.492 DEBUG 14304 --- [main] o.s.w.s.handler.SimpleUrlHandlerMapping  : Patterns [/webjars/**, /**] in 'resourceHandlerMapping'
2023-08-12 18:09:28.526 DEBUG 14304 --- [main] .m.m.a.ExceptionHandlerExceptionResolver : ControllerAdvice beans: 0 @ExceptionHandler, 1 ResponseBodyAdvice
2023-08-12 18:09:29.166  INFO 14304 --- [main] o.s.b.a.e.web.EndpointLinksResolver      : Exposing 1 endpoint(s) beneath base path '/actuator'
2023-08-12 18:09:29.260  INFO 14304 --- [main] c.r.s.hello.HelloApplicationTests        : Started HelloApplicationTests in 4.754 seconds (JVM running for 6.844)
2023-08-12 18:09:30.159 DEBUG 14304 --- [SpringApplicationShutdownHook] o.s.w.c.s.GenericWebApplicationContext   : Closing org.springframework.web.context.support.GenericWebApplicationContext@e362c57, started on Sat Aug 12 18:09:25 IST 2023
